[ 2019-03-17T09:57:30+08:00 ] ::1 /2/thinkphp/index.php
INFO: [ app_init ] --START--
INFO: Run Behavior\BuildLiteBehavior [ RunTime:0.000016s ]
INFO: [ app_init ] --END-- [ RunTime:0.024075s ]
INFO: [ app_begin ] --START--
INFO: Run Behavior\ReadHtmlCacheBehavior [ RunTime:0.031661s ]
INFO: [ app_begin ] --END-- [ RunTime:0.032569s ]
SQL: SHOW COLUMNS FROM `kkkkk` [ RunTime:0.017415s ]
ERR: 1146:Table 'kkkkk.kkkkk' doesn't exist
 [ SQL语句 ] : SHOW COLUMNS FROM `kkkkk`
INFO: [ view_parse ] --START--
INFO: [ template_filter ] --START--
INFO: Run Behavior\ContentReplaceBehavior [ RunTime:0.000048s ]
INFO: [ template_filter ] --END-- [ RunTime:0.000124s ]
INFO: Run Behavior\ParseTemplateBehavior [ RunTime:0.156808s ]
INFO: [ view_parse ] --END-- [ RunTime:0.156896s ]
INFO: [ view_filter ] --START--
INFO: Run Behavior\WriteHtmlCacheBehavior [ RunTime:0.019667s ]
INFO: [ view_filter ] --END-- [ RunTime:0.019974s ]
INFO: [ app_end ] --START--
INFO: Run Behavior\ShowPageTraceBehavior [ RunTime:0.019666s ]
INFO: [ app_end ] --END-- [ RunTime:0.019920s ]

[ 2019-03-17T10:00:38+08:00 ] ::1 /2/thinkphp/index.php
INFO: [ app_init ] --START--
INFO: Run Behavior\BuildLiteBehavior [ RunTime:0.000031s ]
INFO: [ app_init ] --END-- [ RunTime:0.001464s ]
INFO: [ app_begin ] --START--
INFO: Run Behavior\ReadHtmlCacheBehavior [ RunTime:0.003406s ]
INFO: [ app_begin ] --END-- [ RunTime:0.003510s ]
NOTIC: [8] Undefined variable: blog_model C:\fuwuqi\studytoll\myphp_www\PHPTutorial\WWW\2\thinkphp\Application\Home\Controller\IndexController.class.php 第 9 行.

[ 2019-03-17T10:01:25+08:00 ] ::1 /2/thinkphp/index.php
INFO: [ app_init ] --START--
INFO: Run Behavior\BuildLiteBehavior [ RunTime:0.000247s ]
INFO: [ app_init ] --END-- [ RunTime:0.002501s ]
INFO: [ app_begin ] --START--
INFO: Run Behavior\ReadHtmlCacheBehavior [ RunTime:0.001746s ]
INFO: [ app_begin ] --END-- [ RunTime:0.001836s ]
SQL: SHOW COLUMNS FROM `kkkkk` [ RunTime:0.015937s ]
ERR: 1146:Table 'kkkkk.kkkkk' doesn't exist
 [ SQL语句 ] : SHOW COLUMNS FROM `kkkkk`
SQL: SELECT * FROM `kkkkk`  [ RunTime:0.001599s ]
ERR: 1146:Table 'kkkkk.kkkkk' doesn't exist
 [ SQL语句 ] : SELECT * FROM `kkkkk` 

[ 2019-03-17T10:02:14+08:00 ] ::1 /2/thinkphp/index.php
INFO: [ app_init ] --START--
INFO: Run Behavior\BuildLiteBehavior [ RunTime:0.000130s ]
INFO: [ app_init ] --END-- [ RunTime:0.005013s ]
INFO: [ app_begin ] --START--
INFO: Run Behavior\ReadHtmlCacheBehavior [ RunTime:0.013071s ]
INFO: [ app_begin ] --END-- [ RunTime:0.013234s ]
SQL: SHOW COLUMNS FROM `kkkkk` [ RunTime:0.035447s ]
ERR: 1146:Table 'kkkkk.kkkkk' doesn't exist
 [ SQL语句 ] : SHOW COLUMNS FROM `kkkkk`
SQL: SELECT * FROM `kkkkk`  [ RunTime:0.001551s ]
ERR: 1146:Table 'kkkkk.kkkkk' doesn't exist
 [ SQL语句 ] : SELECT * FROM `kkkkk` 

[ 2019-03-17T10:03:40+08:00 ] ::1 /2/thinkphp/index.php
INFO: [ app_init ] --START--
INFO: Run Behavior\BuildLiteBehavior [ RunTime:0.000034s ]
INFO: [ app_init ] --END-- [ RunTime:0.004009s ]
INFO: [ app_begin ] --START--
INFO: Run Behavior\ReadHtmlCacheBehavior [ RunTime:0.006058s ]
INFO: [ app_begin ] --END-- [ RunTime:0.006210s ]
SQL: SHOW COLUMNS FROM `kkkkk` [ RunTime:0.017226s ]
ERR: 1146:Table 'kkkkk.kkkkk' doesn't exist
 [ SQL语句 ] : SHOW COLUMNS FROM `kkkkk`
SQL: SELECT * FROM `kkkkk`  [ RunTime:0.001077s ]
ERR: 1146:Table 'kkkkk.kkkkk' doesn't exist
 [ SQL语句 ] : SELECT * FROM `kkkkk` 

[ 2019-03-17T10:03:43+08:00 ] ::1 /2/thinkphp/index.php
INFO: [ app_init ] --START--
INFO: Run Behavior\BuildLiteBehavior [ RunTime:0.000022s ]
INFO: [ app_init ] --END-- [ RunTime:0.001289s ]
INFO: [ app_begin ] --START--
INFO: Run Behavior\ReadHtmlCacheBehavior [ RunTime:0.004759s ]
INFO: [ app_begin ] --END-- [ RunTime:0.004862s ]
SQL: SHOW COLUMNS FROM `kkkkk` [ RunTime:0.020860s ]
ERR: 1146:Table 'kkkkk.kkkkk' doesn't exist
 [ SQL语句 ] : SHOW COLUMNS FROM `kkkkk`
SQL: SELECT * FROM `kkkkk`  [ RunTime:0.001263s ]
ERR: 1146:Table 'kkkkk.kkkkk' doesn't exist
 [ SQL语句 ] : SELECT * FROM `kkkkk` 

[ 2019-03-17T10:09:05+08:00 ] ::1 /2/thinkphp/index.php
INFO: [ app_init ] --START--
INFO: Run Behavior\BuildLiteBehavior [ RunTime:0.000043s ]
INFO: [ app_init ] --END-- [ RunTime:0.001879s ]
INFO: [ app_begin ] --START--
INFO: Run Behavior\ReadHtmlCacheBehavior [ RunTime:0.003280s ]
INFO: [ app_begin ] --END-- [ RunTime:0.003387s ]
SQL: SHOW COLUMNS FROM `personskkkkk` [ RunTime:0.028523s ]
ERR: 1146:Table 'kkkkk.personskkkkk' doesn't exist
 [ SQL语句 ] : SHOW COLUMNS FROM `personskkkkk`
SQL: SELECT * FROM `personskkkkk`  [ RunTime:0.002307s ]
ERR: 1146:Table 'kkkkk.personskkkkk' doesn't exist
 [ SQL语句 ] : SELECT * FROM `personskkkkk` 

[ 2019-03-17T10:11:24+08:00 ] ::1 /2/thinkphp/index.php
INFO: [ app_init ] --START--
INFO: Run Behavior\BuildLiteBehavior [ RunTime:0.000024s ]
INFO: [ app_init ] --END-- [ RunTime:0.002469s ]
INFO: [ app_begin ] --START--
INFO: Run Behavior\ReadHtmlCacheBehavior [ RunTime:0.007500s ]
INFO: [ app_begin ] --END-- [ RunTime:0.007692s ]
SQL: SHOW COLUMNS FROM `kkkkk` [ RunTime:0.060128s ]
ERR: 1146:Table 'kkkkk.kkkkk' doesn't exist
 [ SQL语句 ] : SHOW COLUMNS FROM `kkkkk`
NOTIC: [8] Use of undefined constant persons - assumed 'persons' C:\fuwuqi\studytoll\myphp_www\PHPTutorial\WWW\2\thinkphp\Application\Home\Controller\IndexController.class.php 第 10 行.
SQL: SELECT * FROM `kkkkk` WHERE `id` = 'persons'  [ RunTime:0.001588s ]
ERR: 1146:Table 'kkkkk.kkkkk' doesn't exist
 [ SQL语句 ] : SELECT * FROM `kkkkk` WHERE `id` = 'persons' 

[ 2019-03-17T10:11:41+08:00 ] ::1 /2/thinkphp/index.php
INFO: [ app_init ] --START--
INFO: Run Behavior\BuildLiteBehavior [ RunTime:0.000035s ]
INFO: [ app_init ] --END-- [ RunTime:0.004615s ]
INFO: [ app_begin ] --START--
INFO: Run Behavior\ReadHtmlCacheBehavior [ RunTime:0.010282s ]
INFO: [ app_begin ] --END-- [ RunTime:0.010409s ]
SQL: SHOW COLUMNS FROM `kkkkk` [ RunTime:0.015445s ]
ERR: 1146:Table 'kkkkk.kkkkk' doesn't exist
 [ SQL语句 ] : SHOW COLUMNS FROM `kkkkk`
NOTIC: [8] Use of undefined constant persons - assumed 'persons' C:\fuwuqi\studytoll\myphp_www\PHPTutorial\WWW\2\thinkphp\Application\Home\Controller\IndexController.class.php 第 10 行.
SQL: SELECT * FROM `kkkkk` WHERE `id` = 'persons'  [ RunTime:0.000876s ]
ERR: 1146:Table 'kkkkk.kkkkk' doesn't exist
 [ SQL语句 ] : SELECT * FROM `kkkkk` WHERE `id` = 'persons' 

[ 2019-03-17T10:14:20+08:00 ] ::1 /2/thinkphp/index.php
INFO: [ app_init ] --START--
INFO: Run Behavior\BuildLiteBehavior [ RunTime:0.000014s ]
INFO: [ app_init ] --END-- [ RunTime:0.000762s ]
INFO: [ app_begin ] --START--
INFO: Run Behavior\ReadHtmlCacheBehavior [ RunTime:0.002859s ]
INFO: [ app_begin ] --END-- [ RunTime:0.002943s ]
SQL: SHOW COLUMNS FROM `persons` [ RunTime:0.044014s ]

[ 2019-03-17T10:15:39+08:00 ] ::1 /2/thinkphp/index.php
INFO: [ app_init ] --START--
INFO: Run Behavior\BuildLiteBehavior [ RunTime:0.000051s ]
INFO: [ app_init ] --END-- [ RunTime:0.011195s ]
INFO: [ app_begin ] --START--
INFO: Run Behavior\ReadHtmlCacheBehavior [ RunTime:0.009438s ]
INFO: [ app_begin ] --END-- [ RunTime:0.009554s ]
SQL: SHOW COLUMNS FROM `persons` [ RunTime:0.022546s ]
SQL: SELECT * FROM `persons`  [ RunTime:0.000314s ]

[ 2019-03-17T10:16:20+08:00 ] ::1 /2/thinkphp/index.php
INFO: [ app_init ] --START--
INFO: Run Behavior\BuildLiteBehavior [ RunTime:0.000016s ]
INFO: [ app_init ] --END-- [ RunTime:0.000836s ]
INFO: [ app_begin ] --START--
INFO: Run Behavior\ReadHtmlCacheBehavior [ RunTime:0.002812s ]
INFO: [ app_begin ] --END-- [ RunTime:0.002901s ]
SQL: SHOW COLUMNS FROM `persons` [ RunTime:0.026355s ]
SQL: SELECT * FROM `persons`  [ RunTime:0.000242s ]

[ 2019-03-17T14:16:52+08:00 ] ::1 /2/thinkphp/index.php
INFO: [ app_init ] --START--
INFO: Run Behavior\BuildLiteBehavior [ RunTime:0.000020s ]
INFO: [ app_init ] --END-- [ RunTime:0.036048s ]
INFO: [ app_begin ] --START--
INFO: Run Behavior\ReadHtmlCacheBehavior [ RunTime:0.004252s ]
INFO: [ app_begin ] --END-- [ RunTime:0.004329s ]
SQL: SHOW COLUMNS FROM `persons` [ RunTime:0.045467s ]
SQL: SELECT * FROM `persons`  [ RunTime:0.000344s ]

[ 2019-03-17T14:16:58+08:00 ] ::1 /2/thinkphp/index.php
INFO: [ app_init ] --START--
INFO: Run Behavior\BuildLiteBehavior [ RunTime:0.000016s ]
INFO: [ app_init ] --END-- [ RunTime:0.000886s ]
INFO: [ app_begin ] --START--
INFO: Run Behavior\ReadHtmlCacheBehavior [ RunTime:0.006752s ]
INFO: [ app_begin ] --END-- [ RunTime:0.007094s ]
SQL: SHOW COLUMNS FROM `persons` [ RunTime:0.021618s ]
SQL: SELECT * FROM `persons`  [ RunTime:0.000284s ]

[ 2019-03-17T14:20:24+08:00 ] ::1 /2/thinkphp/index.php
INFO: [ app_init ] --START--
INFO: Run Behavior\BuildLiteBehavior [ RunTime:0.000024s ]
INFO: [ app_init ] --END-- [ RunTime:0.001678s ]
INFO: [ app_begin ] --START--
INFO: Run Behavior\ReadHtmlCacheBehavior [ RunTime:0.002086s ]
INFO: [ app_begin ] --END-- [ RunTime:0.002148s ]
SQL: SHOW COLUMNS FROM `persons` [ RunTime:0.025400s ]
SQL: SELECT * FROM `persons`  [ RunTime:0.000239s ]

[ 2019-03-17T14:21:10+08:00 ] ::1 /2/thinkphp/index.php
INFO: [ app_init ] --START--
INFO: Run Behavior\BuildLiteBehavior [ RunTime:0.000022s ]
INFO: [ app_init ] --END-- [ RunTime:0.001073s ]
INFO: [ app_begin ] --START--
INFO: Run Behavior\ReadHtmlCacheBehavior [ RunTime:0.006717s ]
INFO: [ app_begin ] --END-- [ RunTime:0.006835s ]

[ 2019-03-17T14:21:26+08:00 ] ::1 /2/thinkphp/index.php
INFO: [ app_init ] --START--
INFO: Run Behavior\BuildLiteBehavior [ RunTime:0.000016s ]
INFO: [ app_init ] --END-- [ RunTime:0.000910s ]
INFO: [ app_begin ] --START--
INFO: Run Behavior\ReadHtmlCacheBehavior [ RunTime:0.003477s ]
INFO: [ app_begin ] --END-- [ RunTime:0.003625s ]
SQL: SHOW COLUMNS FROM `persons` [ RunTime:0.022207s ]
SQL: SELECT * FROM `persons`  [ RunTime:0.000480s ]

[ 2019-03-17T14:22:05+08:00 ] ::1 /2/thinkphp/index.php
INFO: [ app_init ] --START--
INFO: Run Behavior\BuildLiteBehavior [ RunTime:0.000162s ]
INFO: [ app_init ] --END-- [ RunTime:0.002772s ]
INFO: [ app_begin ] --START--
INFO: Run Behavior\ReadHtmlCacheBehavior [ RunTime:0.008394s ]
INFO: [ app_begin ] --END-- [ RunTime:0.008554s ]
SQL: SHOW COLUMNS FROM `persons` [ RunTime:0.031051s ]
SQL: SELECT * FROM `persons`  [ RunTime:0.000216s ]

[ 2019-03-17T14:23:07+08:00 ] ::1 /2/thinkphp/index.php
INFO: [ app_init ] --START--
INFO: Run Behavior\BuildLiteBehavior [ RunTime:0.000026s ]
INFO: [ app_init ] --END-- [ RunTime:0.002629s ]
INFO: [ app_begin ] --START--
INFO: Run Behavior\ReadHtmlCacheBehavior [ RunTime:0.005417s ]
INFO: [ app_begin ] --END-- [ RunTime:0.005753s ]
SQL: SHOW COLUMNS FROM `persons` [ RunTime:0.037147s ]
NOTIC: [8] Use of undefined constant id - assumed 'id' C:\fuwuqi\studytoll\myphp_www\PHPTutorial\WWW\2\thinkphp\Application\Home\Controller\IndexController.class.php 第 10 行.

[ 2019-03-17T14:23:43+08:00 ] ::1 /2/thinkphp/index.php
INFO: [ app_init ] --START--
INFO: Run Behavior\BuildLiteBehavior [ RunTime:0.000018s ]
INFO: [ app_init ] --END-- [ RunTime:0.000775s ]
INFO: [ app_begin ] --START--
INFO: Run Behavior\ReadHtmlCacheBehavior [ RunTime:0.002189s ]
INFO: [ app_begin ] --END-- [ RunTime:0.002282s ]
SQL: SHOW COLUMNS FROM `persons` [ RunTime:0.025494s ]
NOTIC: [8] Use of undefined constant id - assumed 'id' C:\fuwuqi\studytoll\myphp_www\PHPTutorial\WWW\2\thinkphp\Application\Home\Controller\IndexController.class.php 第 10 行.

[ 2019-03-17T14:23:50+08:00 ] ::1 /2/thinkphp/index.php
INFO: [ app_init ] --START--
INFO: Run Behavior\BuildLiteBehavior [ RunTime:0.000034s ]
INFO: [ app_init ] --END-- [ RunTime:0.006543s ]
INFO: [ app_begin ] --START--
INFO: Run Behavior\ReadHtmlCacheBehavior [ RunTime:0.012392s ]
INFO: [ app_begin ] --END-- [ RunTime:0.013084s ]
SQL: SHOW COLUMNS FROM `persons` [ RunTime:0.038222s ]
NOTIC: [8] Use of undefined constant id - assumed 'id' C:\fuwuqi\studytoll\myphp_www\PHPTutorial\WWW\2\thinkphp\Application\Home\Controller\IndexController.class.php 第 10 行.

[ 2019-03-17T14:24:15+08:00 ] ::1 /2/thinkphp/index.php
INFO: [ app_init ] --START--
INFO: Run Behavior\BuildLiteBehavior [ RunTime:0.000030s ]
INFO: [ app_init ] --END-- [ RunTime:0.001654s ]
INFO: [ app_begin ] --START--
INFO: Run Behavior\ReadHtmlCacheBehavior [ RunTime:0.004655s ]
INFO: [ app_begin ] --END-- [ RunTime:0.004789s ]
SQL: SHOW COLUMNS FROM `persons` [ RunTime:0.038887s ]

[ 2019-03-17T14:24:48+08:00 ] ::1 /2/thinkphp/index.php
INFO: [ app_init ] --START--
INFO: Run Behavior\BuildLiteBehavior [ RunTime:0.000024s ]
INFO: [ app_init ] --END-- [ RunTime:0.002436s ]
INFO: [ app_begin ] --START--
INFO: Run Behavior\ReadHtmlCacheBehavior [ RunTime:0.010233s ]
INFO: [ app_begin ] --END-- [ RunTime:0.010391s ]
SQL: SHOW COLUMNS FROM `persons` [ RunTime:0.044108s ]
SQL: SELECT * FROM `persons` WHERE ( id>1 )  [ RunTime:0.001859s ]

[ 2019-03-17T14:38:32+08:00 ] ::1 /2/thinkphp/index.php
INFO: [ app_init ] --START--
INFO: Run Behavior\BuildLiteBehavior [ RunTime:0.000015s ]
INFO: [ app_init ] --END-- [ RunTime:0.000604s ]
INFO: [ app_begin ] --START--
INFO: Run Behavior\ReadHtmlCacheBehavior [ RunTime:0.008903s ]
INFO: [ app_begin ] --END-- [ RunTime:0.009109s ]
INFO: [ view_parse ] --START--
INFO: [ template_filter ] --START--
INFO: Run Behavior\ContentReplaceBehavior [ RunTime:0.000077s ]
INFO: [ template_filter ] --END-- [ RunTime:0.000271s ]
NOTIC: [8] Undefined variable: website_url C:\fuwuqi\studytoll\myphp_www\PHPTutorial\WWW\2\thinkphp\Application\Runtime\Cache\Home\2a94b8bda04ff446dcedd42276fc99ee.php 第 14 行.
INFO: Run Behavior\ParseTemplateBehavior [ RunTime:0.181184s ]
INFO: [ view_parse ] --END-- [ RunTime:0.181242s ]
INFO: [ view_filter ] --START--
INFO: Run Behavior\WriteHtmlCacheBehavior [ RunTime:0.018115s ]
INFO: [ view_filter ] --END-- [ RunTime:0.018162s ]
INFO: [ app_end ] --START--
INFO: Run Behavior\ShowPageTraceBehavior [ RunTime:0.017659s ]
INFO: [ app_end ] --END-- [ RunTime:0.017724s ]

[ 2019-03-17T14:42:30+08:00 ] ::1 /2/thinkphp/index.php
INFO: [ app_init ] --START--
INFO: Run Behavior\BuildLiteBehavior [ RunTime:0.000038s ]
INFO: [ app_init ] --END-- [ RunTime:0.001506s ]
INFO: [ app_begin ] --START--
INFO: Run Behavior\ReadHtmlCacheBehavior [ RunTime:0.002600s ]
INFO: [ app_begin ] --END-- [ RunTime:0.002691s ]
NOTIC: [8] Use of undefined constant pp - assumed 'pp' C:\fuwuqi\studytoll\myphp_www\PHPTutorial\WWW\2\thinkphp\Application\Home\Controller\IndexController.class.php 第 18 行.
SQL: SHOW COLUMNS FROM `k_k_k_k_k` [ RunTime:0.017485s ]
ERR: 1146:Table 'kkkkk.k_k_k_k_k' doesn't exist
 [ SQL语句 ] : SHOW COLUMNS FROM `k_k_k_k_k`
SQL: INSERT INTO `k_k_k_k_k` (`id`,`FirstName`,`Age`) VALUES (4,'pp',99) [ RunTime:0.002798s ]
ERR: 1146:Table 'kkkkk.k_k_k_k_k' doesn't exist
 [ SQL语句 ] : INSERT INTO `k_k_k_k_k` (`id`,`FirstName`,`Age`) VALUES (4,'pp',99)
INFO: [ view_parse ] --START--
INFO: [ template_filter ] --START--
INFO: Run Behavior\ContentReplaceBehavior [ RunTime:0.000031s ]
INFO: [ template_filter ] --END-- [ RunTime:0.000077s ]
NOTIC: [8] Undefined variable: website_url C:\fuwuqi\studytoll\myphp_www\PHPTutorial\WWW\2\thinkphp\Application\Runtime\Cache\Home\2a94b8bda04ff446dcedd42276fc99ee.php 第 14 行.
INFO: Run Behavior\ParseTemplateBehavior [ RunTime:0.016711s ]
INFO: [ view_parse ] --END-- [ RunTime:0.016765s ]
INFO: [ view_filter ] --START--
INFO: Run Behavior\WriteHtmlCacheBehavior [ RunTime:0.002863s ]
INFO: [ view_filter ] --END-- [ RunTime:0.002993s ]
INFO: [ app_end ] --START--
INFO: Run Behavior\ShowPageTraceBehavior [ RunTime:0.004151s ]
INFO: [ app_end ] --END-- [ RunTime:0.004237s ]

[ 2019-03-17T14:42:52+08:00 ] ::1 /2/thinkphp/index.php
INFO: [ app_init ] --START--
INFO: Run Behavior\BuildLiteBehavior [ RunTime:0.000039s ]
INFO: [ app_init ] --END-- [ RunTime:0.005286s ]
INFO: [ app_begin ] --START--
INFO: Run Behavior\ReadHtmlCacheBehavior [ RunTime:0.004098s ]
INFO: [ app_begin ] --END-- [ RunTime:0.004241s ]
NOTIC: [8] Use of undefined constant pp - assumed 'pp' C:\fuwuqi\studytoll\myphp_www\PHPTutorial\WWW\2\thinkphp\Application\Home\Controller\IndexController.class.php 第 18 行.
SQL: SHOW COLUMNS FROM `persons` [ RunTime:0.034229s ]
SQL: INSERT INTO `persons` (`id`,`FirstName`,`Age`) VALUES (4,'pp',99) [ RunTime:0.000609s ]
INFO: [ view_parse ] --START--
INFO: [ template_filter ] --START--
INFO: Run Behavior\ContentReplaceBehavior [ RunTime:0.000032s ]
INFO: [ template_filter ] --END-- [ RunTime:0.000079s ]
NOTIC: [8] Undefined variable: website_url C:\fuwuqi\studytoll\myphp_www\PHPTutorial\WWW\2\thinkphp\Application\Runtime\Cache\Home\2a94b8bda04ff446dcedd42276fc99ee.php 第 14 行.
INFO: Run Behavior\ParseTemplateBehavior [ RunTime:0.021722s ]
INFO: [ view_parse ] --END-- [ RunTime:0.021829s ]
INFO: [ view_filter ] --START--
INFO: Run Behavior\WriteHtmlCacheBehavior [ RunTime:0.001741s ]
INFO: [ view_filter ] --END-- [ RunTime:0.001787s ]
INFO: [ app_end ] --START--
INFO: Run Behavior\ShowPageTraceBehavior [ RunTime:0.001909s ]
INFO: [ app_end ] --END-- [ RunTime:0.001956s ]

[ 2019-03-17T15:38:48+08:00 ] ::1 /2/thinkphp/index.php
INFO: [ app_init ] --START--
INFO: Run Behavior\BuildLiteBehavior [ RunTime:0.000043s ]
INFO: [ app_init ] --END-- [ RunTime:0.001736s ]
INFO: [ app_begin ] --START--
INFO: Run Behavior\ReadHtmlCacheBehavior [ RunTime:0.004241s ]
INFO: [ app_begin ] --END-- [ RunTime:0.004401s ]

[ 2019-03-17T15:39:37+08:00 ] ::1 /2/thinkphp/index.php
INFO: [ app_init ] --START--
INFO: Run Behavior\BuildLiteBehavior [ RunTime:0.000024s ]
INFO: [ app_init ] --END-- [ RunTime:0.001451s ]
INFO: [ app_begin ] --START--
INFO: Run Behavior\ReadHtmlCacheBehavior [ RunTime:0.003713s ]
INFO: [ app_begin ] --END-- [ RunTime:0.003858s ]

[ 2019-03-17T15:41:13+08:00 ] ::1 /2/thinkphp/index.php
INFO: [ app_init ] --START--
INFO: Run Behavior\BuildLiteBehavior [ RunTime:0.000166s ]
INFO: [ app_init ] --END-- [ RunTime:0.002098s ]
INFO: [ app_begin ] --START--
INFO: Run Behavior\ReadHtmlCacheBehavior [ RunTime:0.004021s ]
INFO: [ app_begin ] --END-- [ RunTime:0.004145s ]

[ 2019-03-17T15:41:52+08:00 ] ::1 /2/thinkphp/index.php
INFO: [ app_init ] --START--
INFO: Run Behavior\BuildLiteBehavior [ RunTime:0.000029s ]
INFO: [ app_init ] --END-- [ RunTime:0.001965s ]
INFO: [ app_begin ] --START--
INFO: Run Behavior\ReadHtmlCacheBehavior [ RunTime:0.004431s ]
INFO: [ app_begin ] --END-- [ RunTime:0.004593s ]

[ 2019-03-17T15:43:56+08:00 ] ::1 /2/thinkphp/index.php
INFO: [ app_init ] --START--
INFO: Run Behavior\BuildLiteBehavior [ RunTime:0.000020s ]
INFO: [ app_init ] --END-- [ RunTime:0.001550s ]
INFO: [ app_begin ] --START--
INFO: Run Behavior\ReadHtmlCacheBehavior [ RunTime:0.005219s ]
INFO: [ app_begin ] --END-- [ RunTime:0.005350s ]
NOTIC: [8] Use of undefined constant qqq - assumed 'qqq' C:\fuwuqi\studytoll\myphp_www\PHPTutorial\WWW\2\thinkphp\Application\Home\Controller\IndexController.class.php 第 24 行.
SQL: SHOW COLUMNS FROM `persons` [ RunTime:0.027386s ]
SQL: UPDATE `persons` SET `FirstName`='qqq',`Age`=66 WHERE ( id=4 ) [ RunTime:0.000551s ]
INFO: [ view_parse ] --START--
INFO: [ template_filter ] --START--
INFO: Run Behavior\ContentReplaceBehavior [ RunTime:0.000072s ]
INFO: [ template_filter ] --END-- [ RunTime:0.000160s ]
NOTIC: [8] Undefined variable: website_url C:\fuwuqi\studytoll\myphp_www\PHPTutorial\WWW\2\thinkphp\Application\Runtime\Cache\Home\2a94b8bda04ff446dcedd42276fc99ee.php 第 14 行.
INFO: Run Behavior\ParseTemplateBehavior [ RunTime:0.027659s ]
INFO: [ view_parse ] --END-- [ RunTime:0.027747s ]
INFO: [ view_filter ] --START--
INFO: Run Behavior\WriteHtmlCacheBehavior [ RunTime:0.003647s ]
INFO: [ view_filter ] --END-- [ RunTime:0.003723s ]
INFO: [ app_end ] --START--
INFO: Run Behavior\ShowPageTraceBehavior [ RunTime:0.006056s ]
INFO: [ app_end ] --END-- [ RunTime:0.006163s ]

[ 2019-03-17T15:49:28+08:00 ] ::1 /2/thinkphp/index.php
INFO: [ app_init ] --START--
INFO: Run Behavior\BuildLiteBehavior [ RunTime:0.000027s ]
INFO: [ app_init ] --END-- [ RunTime:0.001632s ]
INFO: [ app_begin ] --START--
INFO: Run Behavior\ReadHtmlCacheBehavior [ RunTime:0.001621s ]
INFO: [ app_begin ] --END-- [ RunTime:0.001687s ]

[ 2019-03-17T15:51:54+08:00 ] ::1 /2/thinkphp/index.php
INFO: [ app_init ] --START--
INFO: Run Behavior\BuildLiteBehavior [ RunTime:0.000041s ]
INFO: [ app_init ] --END-- [ RunTime:0.001762s ]
INFO: [ app_begin ] --START--
INFO: Run Behavior\ReadHtmlCacheBehavior [ RunTime:0.003585s ]
INFO: [ app_begin ] --END-- [ RunTime:0.003798s ]
NOTIC: [8] Use of undefined constant yy2 - assumed 'yy2' C:\fuwuqi\studytoll\myphp_www\PHPTutorial\WWW\2\thinkphp\Application\Home\Controller\IndexController.class.php 第 31 行.
SQL: SHOW COLUMNS FROM `persons` [ RunTime:0.022816s ]
SQL: UPDATE `persons` SET `FirstName`='yy2',`Age`=67 WHERE `id` = 4 [ RunTime:0.000224s ]
INFO: [ view_parse ] --START--
INFO: [ template_filter ] --START--
INFO: Run Behavior\ContentReplaceBehavior [ RunTime:0.000033s ]
INFO: [ template_filter ] --END-- [ RunTime:0.000090s ]
NOTIC: [8] Undefined variable: website_url C:\fuwuqi\studytoll\myphp_www\PHPTutorial\WWW\2\thinkphp\Application\Runtime\Cache\Home\2a94b8bda04ff446dcedd42276fc99ee.php 第 14 行.
INFO: Run Behavior\ParseTemplateBehavior [ RunTime:0.017229s ]
INFO: [ view_parse ] --END-- [ RunTime:0.017306s ]
INFO: [ view_filter ] --START--
INFO: Run Behavior\WriteHtmlCacheBehavior [ RunTime:0.002588s ]
INFO: [ view_filter ] --END-- [ RunTime:0.002672s ]
INFO: [ app_end ] --START--
INFO: Run Behavior\ShowPageTraceBehavior [ RunTime:0.003939s ]
INFO: [ app_end ] --END-- [ RunTime:0.004040s ]

[ 2019-03-17T16:04:23+08:00 ] ::1 /2/thinkphp/index.php
INFO: [ app_init ] --START--
INFO: Run Behavior\BuildLiteBehavior [ RunTime:0.000041s ]
INFO: [ app_init ] --END-- [ RunTime:0.001977s ]
INFO: [ app_begin ] --START--
INFO: Run Behavior\ReadHtmlCacheBehavior [ RunTime:0.002573s ]
INFO: [ app_begin ] --END-- [ RunTime:0.002672s ]
SQL: SHOW COLUMNS FROM `persons` [ RunTime:0.024098s ]
SQL: DELETE FROM `persons` WHERE `id` = 4 [ RunTime:0.000387s ]
INFO: [ view_parse ] --START--
INFO: [ template_filter ] --START--
INFO: Run Behavior\ContentReplaceBehavior [ RunTime:0.000028s ]
INFO: [ template_filter ] --END-- [ RunTime:0.000074s ]
NOTIC: [8] Undefined variable: website_url C:\fuwuqi\studytoll\myphp_www\PHPTutorial\WWW\2\thinkphp\Application\Runtime\Cache\Home\2a94b8bda04ff446dcedd42276fc99ee.php 第 14 行.
INFO: Run Behavior\ParseTemplateBehavior [ RunTime:0.016259s ]
INFO: [ view_parse ] --END-- [ RunTime:0.016316s ]
INFO: [ view_filter ] --START--
INFO: Run Behavior\WriteHtmlCacheBehavior [ RunTime:0.001331s ]
INFO: [ view_filter ] --END-- [ RunTime:0.001371s ]
INFO: [ app_end ] --START--
INFO: Run Behavior\ShowPageTraceBehavior [ RunTime:0.001435s ]
INFO: [ app_end ] --END-- [ RunTime:0.001472s ]

[ 2019-03-17T16:04:29+08:00 ] ::1 /2/thinkphp/index.php
INFO: [ app_init ] --START--
INFO: Run Behavior\BuildLiteBehavior [ RunTime:0.000038s ]
INFO: [ app_init ] --END-- [ RunTime:0.000822s ]
INFO: [ app_begin ] --START--
INFO: Run Behavior\ReadHtmlCacheBehavior [ RunTime:0.001662s ]
INFO: [ app_begin ] --END-- [ RunTime:0.001725s ]
SQL: SHOW COLUMNS FROM `persons` [ RunTime:0.030238s ]
SQL: DELETE FROM `persons` WHERE `id` = 4 [ RunTime:0.000314s ]
INFO: [ view_parse ] --START--
INFO: [ template_filter ] --START--
INFO: Run Behavior\ContentReplaceBehavior [ RunTime:0.000055s ]
INFO: [ template_filter ] --END-- [ RunTime:0.000153s ]
NOTIC: [8] Undefined variable: website_url C:\fuwuqi\studytoll\myphp_www\PHPTutorial\WWW\2\thinkphp\Application\Runtime\Cache\Home\2a94b8bda04ff446dcedd42276fc99ee.php 第 14 行.
INFO: Run Behavior\ParseTemplateBehavior [ RunTime:0.033422s ]
INFO: [ view_parse ] --END-- [ RunTime:0.033631s ]
INFO: [ view_filter ] --START--
INFO: Run Behavior\WriteHtmlCacheBehavior [ RunTime:0.002991s ]
INFO: [ view_filter ] --END-- [ RunTime:0.003080s ]
INFO: [ app_end ] --START--
INFO: Run Behavior\ShowPageTraceBehavior [ RunTime:0.003288s ]
INFO: [ app_end ] --END-- [ RunTime:0.003411s ]

[ 2019-03-17T16:05:11+08:00 ] ::1 /2/thinkphp/index.php
INFO: [ app_init ] --START--
INFO: Run Behavior\BuildLiteBehavior [ RunTime:0.000029s ]
INFO: [ app_init ] --END-- [ RunTime:0.001923s ]
INFO: [ app_begin ] --START--
INFO: Run Behavior\ReadHtmlCacheBehavior [ RunTime:0.005713s ]
INFO: [ app_begin ] --END-- [ RunTime:0.005834s ]
SQL: SHOW COLUMNS FROM `persons` [ RunTime:0.025108s ]
SQL: DELETE FROM `persons` WHERE `id` = 4 [ RunTime:0.000263s ]
INFO: [ view_parse ] --START--
INFO: [ template_filter ] --START--
INFO: Run Behavior\ContentReplaceBehavior [ RunTime:0.000028s ]
INFO: [ template_filter ] --END-- [ RunTime:0.000072s ]
NOTIC: [8] Undefined variable: website_url C:\fuwuqi\studytoll\myphp_www\PHPTutorial\WWW\2\thinkphp\Application\Runtime\Cache\Home\2a94b8bda04ff446dcedd42276fc99ee.php 第 14 行.
INFO: Run Behavior\ParseTemplateBehavior [ RunTime:0.017780s ]
INFO: [ view_parse ] --END-- [ RunTime:0.017867s ]
INFO: [ view_filter ] --START--
INFO: Run Behavior\WriteHtmlCacheBehavior [ RunTime:0.002113s ]
INFO: [ view_filter ] --END-- [ RunTime:0.002174s ]
INFO: [ app_end ] --START--
INFO: Run Behavior\ShowPageTraceBehavior [ RunTime:0.005123s ]
INFO: [ app_end ] --END-- [ RunTime:0.005231s ]

[ 2019-03-17T16:06:04+08:00 ] ::1 /2/thinkphp/index.php
INFO: [ app_init ] --START--
INFO: Run Behavior\BuildLiteBehavior [ RunTime:0.000015s ]
INFO: [ app_init ] --END-- [ RunTime:0.000801s ]
INFO: [ app_begin ] --START--
INFO: Run Behavior\ReadHtmlCacheBehavior [ RunTime:0.001754s ]
INFO: [ app_begin ] --END-- [ RunTime:0.001816s ]
SQL: SHOW COLUMNS FROM `persons` [ RunTime:0.061921s ]
SQL: DELETE FROM `persons` WHERE `id` = 3 [ RunTime:0.000367s ]
INFO: [ view_parse ] --START--
INFO: [ template_filter ] --START--
INFO: Run Behavior\ContentReplaceBehavior [ RunTime:0.000057s ]
INFO: [ template_filter ] --END-- [ RunTime:0.000152s ]
NOTIC: [8] Undefined variable: website_url C:\fuwuqi\studytoll\myphp_www\PHPTutorial\WWW\2\thinkphp\Application\Runtime\Cache\Home\2a94b8bda04ff446dcedd42276fc99ee.php 第 14 行.
INFO: Run Behavior\ParseTemplateBehavior [ RunTime:0.034308s ]
INFO: [ view_parse ] --END-- [ RunTime:0.034407s ]
INFO: [ view_filter ] --START--
INFO: Run Behavior\WriteHtmlCacheBehavior [ RunTime:0.002333s ]
INFO: [ view_filter ] --END-- [ RunTime:0.002405s ]
INFO: [ app_end ] --START--
INFO: Run Behavior\ShowPageTraceBehavior [ RunTime:0.004240s ]
INFO: [ app_end ] --END-- [ RunTime:0.004331s ]

[ 2019-03-17T16:08:17+08:00 ] ::1 /2/thinkphp/index.php
INFO: [ app_init ] --START--
INFO: Run Behavior\BuildLiteBehavior [ RunTime:0.000041s ]
INFO: [ app_init ] --END-- [ RunTime:0.004552s ]
INFO: [ app_begin ] --START--
INFO: Run Behavior\ReadHtmlCacheBehavior [ RunTime:0.007162s ]
INFO: [ app_begin ] --END-- [ RunTime:0.007254s ]
SQL: SHOW COLUMNS FROM `persons` [ RunTime:0.029890s ]
SQL: DELETE FROM `persons` WHERE `id` < 2 [ RunTime:0.000242s ]
INFO: [ view_parse ] --START--
INFO: [ template_filter ] --START--
INFO: Run Behavior\ContentReplaceBehavior [ RunTime:0.000031s ]
INFO: [ template_filter ] --END-- [ RunTime:0.000084s ]
NOTIC: [8] Undefined variable: website_url C:\fuwuqi\studytoll\myphp_www\PHPTutorial\WWW\2\thinkphp\Application\Runtime\Cache\Home\2a94b8bda04ff446dcedd42276fc99ee.php 第 14 行.
INFO: Run Behavior\ParseTemplateBehavior [ RunTime:0.019107s ]
INFO: [ view_parse ] --END-- [ RunTime:0.019188s ]
INFO: [ view_filter ] --START--
INFO: Run Behavior\WriteHtmlCacheBehavior [ RunTime:0.002897s ]
INFO: [ view_filter ] --END-- [ RunTime:0.003001s ]
INFO: [ app_end ] --START--
INFO: Run Behavior\ShowPageTraceBehavior [ RunTime:0.002860s ]
INFO: [ app_end ] --END-- [ RunTime:0.002957s ]

[ 2019-03-17T17:53:23+08:00 ] ::1 /2/thinkphp/index.php
INFO: [ app_init ] --START--
INFO: Run Behavior\BuildLiteBehavior [ RunTime:0.000034s ]
INFO: [ app_init ] --END-- [ RunTime:0.001834s ]
INFO: [ app_begin ] --START--
INFO: Run Behavior\ReadHtmlCacheBehavior [ RunTime:0.004133s ]
INFO: [ app_begin ] --END-- [ RunTime:0.004275s ]

[ 2019-03-17T17:53:32+08:00 ] ::1 /2/thinkphp/index.php
INFO: [ app_init ] --START--
INFO: Run Behavior\BuildLiteBehavior [ RunTime:0.000089s ]
INFO: [ app_init ] --END-- [ RunTime:0.004628s ]
INFO: [ app_begin ] --START--
INFO: Run Behavior\ReadHtmlCacheBehavior [ RunTime:0.003173s ]
INFO: [ app_begin ] --END-- [ RunTime:0.003283s ]

[ 2019-03-17T17:57:16+08:00 ] ::1 /2/thinkphp/index.php
INFO: [ app_init ] --START--
INFO: Run Behavior\BuildLiteBehavior [ RunTime:0.000015s ]
INFO: [ app_init ] --END-- [ RunTime:0.000946s ]
INFO: [ app_begin ] --START--
INFO: Run Behavior\ReadHtmlCacheBehavior [ RunTime:0.001613s ]
INFO: [ app_begin ] --END-- [ RunTime:0.001683s ]

[ 2019-03-17T17:57:59+08:00 ] ::1 /2/thinkphp/index.php
INFO: [ app_init ] --START--
INFO: Run Behavior\BuildLiteBehavior [ RunTime:0.000038s ]
INFO: [ app_init ] --END-- [ RunTime:0.001216s ]
INFO: [ app_begin ] --START--
INFO: Run Behavior\ReadHtmlCacheBehavior [ RunTime:0.007860s ]
INFO: [ app_begin ] --END-- [ RunTime:0.008432s ]

[ 2019-03-17T17:59:42+08:00 ] ::1 /2/thinkphp/index.php
INFO: [ app_init ] --START--
INFO: Run Behavior\BuildLiteBehavior [ RunTime:0.000031s ]
INFO: [ app_init ] --END-- [ RunTime:0.002827s ]
INFO: [ app_begin ] --START--
INFO: Run Behavior\ReadHtmlCacheBehavior [ RunTime:0.008980s ]
INFO: [ app_begin ] --END-- [ RunTime:0.009135s ]
SQL: SHOW COLUMNS FROM `persons` [ RunTime:0.031316s ]

[ 2019-03-17T18:04:16+08:00 ] ::1 /2/thinkphp/index.php
INFO: [ app_init ] --START--
INFO: Run Behavior\BuildLiteBehavior [ RunTime:0.000041s ]
INFO: [ app_init ] --END-- [ RunTime:0.001395s ]
INFO: [ app_begin ] --START--
INFO: Run Behavior\ReadHtmlCacheBehavior [ RunTime:0.005031s ]
INFO: [ app_begin ] --END-- [ RunTime:0.005172s ]
SQL: SHOW COLUMNS FROM `persons` [ RunTime:0.019433s ]

[ 2019-03-17T18:04:49+08:00 ] ::1 /2/thinkphp/index.php
INFO: [ app_init ] --START--
INFO: Run Behavior\BuildLiteBehavior [ RunTime:0.000027s ]
INFO: [ app_init ] --END-- [ RunTime:0.002155s ]
INFO: [ app_begin ] --START--
INFO: Run Behavior\ReadHtmlCacheBehavior [ RunTime:0.004728s ]
INFO: [ app_begin ] --END-- [ RunTime:0.004903s ]
SQL: SHOW COLUMNS FROM `persons` [ RunTime:0.021280s ]

[ 2019-03-17T18:06:08+08:00 ] ::1 /2/thinkphp/index.php
INFO: [ app_init ] --START--
INFO: Run Behavior\BuildLiteBehavior [ RunTime:0.000026s ]
INFO: [ app_init ] --END-- [ RunTime:0.001641s ]
INFO: [ app_begin ] --START--
INFO: Run Behavior\ReadHtmlCacheBehavior [ RunTime:0.001547s ]
INFO: [ app_begin ] --END-- [ RunTime:0.001610s ]
SQL: SHOW COLUMNS FROM `persons` [ RunTime:0.018970s ]
ERR: Think\Model:getLsatSql方法不存在！

[ 2019-03-17T18:11:16+08:00 ] ::1 /2/thinkphp/index.php
INFO: [ app_init ] --START--
INFO: Run Behavior\BuildLiteBehavior [ RunTime:0.000015s ]
INFO: [ app_init ] --END-- [ RunTime:0.000819s ]
INFO: [ app_begin ] --START--
INFO: Run Behavior\ReadHtmlCacheBehavior [ RunTime:0.003233s ]
INFO: [ app_begin ] --END-- [ RunTime:0.003370s ]
SQL: SHOW COLUMNS FROM `persons` [ RunTime:0.019804s ]
ERR: Think\Model:getLsatSql方法不存在！

[ 2019-03-17T18:12:31+08:00 ] ::1 /2/thinkphp/index.php
INFO: [ app_init ] --START--
INFO: Run Behavior\BuildLiteBehavior [ RunTime:0.000038s ]
INFO: [ app_init ] --END-- [ RunTime:0.004107s ]
INFO: [ app_begin ] --START--
INFO: Run Behavior\ReadHtmlCacheBehavior [ RunTime:0.004285s ]
INFO: [ app_begin ] --END-- [ RunTime:0.004491s ]
ERR: Think\Model:getLsatSql方法不存在！

[ 2019-03-17T18:12:34+08:00 ] ::1 /2/thinkphp/index.php
INFO: [ app_init ] --START--
INFO: Run Behavior\BuildLiteBehavior [ RunTime:0.000024s ]
INFO: [ app_init ] --END-- [ RunTime:0.001226s ]
INFO: [ app_begin ] --START--
INFO: Run Behavior\ReadHtmlCacheBehavior [ RunTime:0.001625s ]
INFO: [ app_begin ] --END-- [ RunTime:0.001699s ]
ERR: Think\Model:getLsatSql方法不存在！

[ 2019-03-17T18:22:34+08:00 ] ::1 /2/thinkphp/index.php
INFO: [ app_init ] --START--
INFO: Run Behavior\BuildLiteBehavior [ RunTime:0.000015s ]
INFO: [ app_init ] --END-- [ RunTime:0.000829s ]
INFO: [ app_begin ] --START--
INFO: Run Behavior\ReadHtmlCacheBehavior [ RunTime:0.002603s ]
INFO: [ app_begin ] --END-- [ RunTime:0.002720s ]
ERR: Think\Model:getLsatSql方法不存在！

