[ 2019-03-19T11:28:36+08:00 ] ::1 /2/thinkphp/index.php
INFO: [ app_init ] --START--
INFO: Run Behavior\BuildLiteBehavior [ RunTime:0.000031s ]
INFO: [ app_init ] --END-- [ RunTime:0.025693s ]
INFO: [ app_begin ] --START--
INFO: Run Behavior\ReadHtmlCacheBehavior [ RunTime:0.026994s ]
INFO: [ app_begin ] --END-- [ RunTime:0.027064s ]
ERR: Think\Model:getLsatSqlæ–¹æ³•ä¸å­˜åœ¨ï¼

[ 2019-03-19T11:31:33+08:00 ] ::1 /2/thinkphp/
INFO: [ app_init ] --START--
INFO: Run Behavior\BuildLiteBehavior [ RunTime:0.000040s ]
INFO: [ app_init ] --END-- [ RunTime:0.001310s ]
INFO: [ app_begin ] --START--
INFO: Run Behavior\ReadHtmlCacheBehavior [ RunTime:0.001497s ]
INFO: [ app_begin ] --END-- [ RunTime:0.001587s ]
ERR: Think\Model:getLsatSqlæ–¹æ³•ä¸å­˜åœ¨ï¼

[ 2019-03-19T11:35:26+08:00 ] ::1 /2/thinkphp/
INFO: [ app_init ] --START--
INFO: Run Behavior\BuildLiteBehavior [ RunTime:0.000018s ]
INFO: [ app_init ] --END-- [ RunTime:0.000721s ]
INFO: [ app_begin ] --START--
INFO: Run Behavior\ReadHtmlCacheBehavior [ RunTime:0.006140s ]
INFO: [ app_begin ] --END-- [ RunTime:0.006260s ]
INFO: [ view_parse ] --START--
INFO: [ template_filter ] --START--
INFO: Run Behavior\ContentReplaceBehavior [ RunTime:0.000058s ]
INFO: [ template_filter ] --END-- [ RunTime:0.000168s ]
NOTIC: [8] Undefined variable: website_url C:\fuwuqi\studytoll\myphp_www\PHPTutorial\WWW\2\thinkphp\Application\Runtime\Cache\Home\2a94b8bda04ff446dcedd42276fc99ee.php ç¬¬ 14 è¡Œ.
INFO: Run Behavior\ParseTemplateBehavior [ RunTime:0.276092s ]
INFO: [ view_parse ] --END-- [ RunTime:0.276232s ]
INFO: [ view_filter ] --START--
INFO: Run Behavior\WriteHtmlCacheBehavior [ RunTime:0.023038s ]
INFO: [ view_filter ] --END-- [ RunTime:0.023139s ]
INFO: [ app_end ] --START--
INFO: Run Behavior\ShowPageTraceBehavior [ RunTime:0.024236s ]
INFO: [ app_end ] --END-- [ RunTime:0.024306s ]

[ 2019-03-19T11:40:31+08:00 ] ::1 /2/thinkphp/
INFO: [ app_init ] --START--
INFO: Run Behavior\BuildLiteBehavior [ RunTime:0.000044s ]
INFO: [ app_init ] --END-- [ RunTime:0.001498s ]
INFO: [ app_begin ] --START--
INFO: Run Behavior\ReadHtmlCacheBehavior [ RunTime:0.003330s ]
INFO: [ app_begin ] --END-- [ RunTime:0.003465s ]
INFO: [ view_parse ] --START--
INFO: [ template_filter ] --START--
INFO: Run Behavior\ContentReplaceBehavior [ RunTime:0.000068s ]
INFO: [ template_filter ] --END-- [ RunTime:0.000181s ]
INFO: Run Behavior\ParseTemplateBehavior [ RunTime:0.057953s ]
INFO: [ view_parse ] --END-- [ RunTime:0.058071s ]
INFO: [ view_filter ] --START--
INFO: Run Behavior\WriteHtmlCacheBehavior [ RunTime:0.002977s ]
INFO: [ view_filter ] --END-- [ RunTime:0.003088s ]
INFO: [ app_end ] --START--
INFO: Run Behavior\ShowPageTraceBehavior [ RunTime:0.007899s ]
INFO: [ app_end ] --END-- [ RunTime:0.008017s ]

[ 2019-03-19T12:00:46+08:00 ] ::1 /2/thinkphp/index.php
INFO: [ app_init ] --START--
INFO: Run Behavior\BuildLiteBehavior [ RunTime:0.000036s ]
INFO: [ app_init ] --END-- [ RunTime:0.011731s ]
INFO: [ app_begin ] --START--
INFO: Run Behavior\ReadHtmlCacheBehavior [ RunTime:0.002081s ]
INFO: [ app_begin ] --END-- [ RunTime:0.002177s ]
INFO: [ view_parse ] --START--
INFO: [ template_filter ] --START--
INFO: Run Behavior\ContentReplaceBehavior [ RunTime:0.000376s ]
INFO: [ template_filter ] --END-- [ RunTime:0.000486s ]
NOTIC: [8] Undefined variable: blog_list C:\fuwuqi\studytoll\myphp_www\PHPTutorial\WWW\2\thinkphp\Application\Runtime\Cache\Home\2a94b8bda04ff446dcedd42276fc99ee.php ç¬¬ 18 è¡Œ.
INFO: Run Behavior\ParseTemplateBehavior [ RunTime:0.110364s ]
INFO: [ view_parse ] --END-- [ RunTime:0.110502s ]
INFO: [ view_filter ] --START--
INFO: Run Behavior\WriteHtmlCacheBehavior [ RunTime:0.002761s ]
INFO: [ view_filter ] --END-- [ RunTime:0.002870s ]
INFO: [ app_end ] --START--
INFO: Run Behavior\ShowPageTraceBehavior [ RunTime:0.003550s ]
INFO: [ app_end ] --END-- [ RunTime:0.003783s ]

[ 2019-03-19T14:18:11+08:00 ] ::1 /2/thinkphp/index.php
INFO: [ app_init ] --START--
INFO: Run Behavior\BuildLiteBehavior [ RunTime:0.000018s ]
INFO: [ app_init ] --END-- [ RunTime:0.001089s ]
INFO: [ app_begin ] --START--
INFO: Run Behavior\ReadHtmlCacheBehavior [ RunTime:0.001299s ]
INFO: [ app_begin ] --END-- [ RunTime:0.001393s ]
INFO: [ view_parse ] --START--
INFO: [ template_filter ] --START--
INFO: Run Behavior\ContentReplaceBehavior [ RunTime:0.000030s ]
INFO: [ template_filter ] --END-- [ RunTime:0.000085s ]
NOTIC: [8] Undefined variable: blog_list C:\fuwuqi\studytoll\myphp_www\PHPTutorial\WWW\2\thinkphp\Application\Runtime\Cache\Home\2a94b8bda04ff446dcedd42276fc99ee.php ç¬¬ 18 è¡Œ.
INFO: Run Behavior\ParseTemplateBehavior [ RunTime:0.017567s ]
INFO: [ view_parse ] --END-- [ RunTime:0.017616s ]
INFO: [ view_filter ] --START--
INFO: Run Behavior\WriteHtmlCacheBehavior [ RunTime:0.001252s ]
INFO: [ view_filter ] --END-- [ RunTime:0.001288s ]
INFO: [ app_end ] --START--
INFO: Run Behavior\ShowPageTraceBehavior [ RunTime:0.001517s ]
INFO: [ app_end ] --END-- [ RunTime:0.001556s ]

[ 2019-03-19T14:18:13+08:00 ] ::1 /2/thinkphp/index.php
INFO: [ app_init ] --START--
INFO: Run Behavior\BuildLiteBehavior [ RunTime:0.000040s ]
INFO: [ app_init ] --END-- [ RunTime:0.001224s ]
INFO: [ app_begin ] --START--
INFO: Run Behavior\ReadHtmlCacheBehavior [ RunTime:0.001377s ]
INFO: [ app_begin ] --END-- [ RunTime:0.001460s ]
INFO: [ view_parse ] --START--
INFO: [ template_filter ] --START--
INFO: Run Behavior\ContentReplaceBehavior [ RunTime:0.000043s ]
INFO: [ template_filter ] --END-- [ RunTime:0.000114s ]
NOTIC: [8] Undefined variable: blog_list C:\fuwuqi\studytoll\myphp_www\PHPTutorial\WWW\2\thinkphp\Application\Runtime\Cache\Home\2a94b8bda04ff446dcedd42276fc99ee.php ç¬¬ 18 è¡Œ.
INFO: Run Behavior\ParseTemplateBehavior [ RunTime:0.022423s ]
INFO: [ view_parse ] --END-- [ RunTime:0.022498s ]
INFO: [ view_filter ] --START--
INFO: Run Behavior\WriteHtmlCacheBehavior [ RunTime:0.002308s ]
INFO: [ view_filter ] --END-- [ RunTime:0.002374s ]
INFO: [ app_end ] --START--
INFO: Run Behavior\ShowPageTraceBehavior [ RunTime:0.005014s ]
INFO: [ app_end ] --END-- [ RunTime:0.005083s ]

[ 2019-03-19T14:18:14+08:00 ] ::1 /2/thinkphp/index.php
INFO: [ app_init ] --START--
INFO: Run Behavior\BuildLiteBehavior [ RunTime:0.000022s ]
INFO: [ app_init ] --END-- [ RunTime:0.001146s ]
INFO: [ app_begin ] --START--
INFO: Run Behavior\ReadHtmlCacheBehavior [ RunTime:0.000906s ]
INFO: [ app_begin ] --END-- [ RunTime:0.000963s ]
INFO: [ view_parse ] --START--
INFO: [ template_filter ] --START--
INFO: Run Behavior\ContentReplaceBehavior [ RunTime:0.000029s ]
INFO: [ template_filter ] --END-- [ RunTime:0.000079s ]
NOTIC: [8] Undefined variable: blog_list C:\fuwuqi\studytoll\myphp_www\PHPTutorial\WWW\2\thinkphp\Application\Runtime\Cache\Home\2a94b8bda04ff446dcedd42276fc99ee.php ç¬¬ 18 è¡Œ.
INFO: Run Behavior\ParseTemplateBehavior [ RunTime:0.020746s ]
INFO: [ view_parse ] --END-- [ RunTime:0.020857s ]
INFO: [ view_filter ] --START--
INFO: Run Behavior\WriteHtmlCacheBehavior [ RunTime:0.001252s ]
INFO: [ view_filter ] --END-- [ RunTime:0.001306s ]
INFO: [ app_end ] --START--
INFO: Run Behavior\ShowPageTraceBehavior [ RunTime:0.001393s ]
INFO: [ app_end ] --END-- [ RunTime:0.001436s ]

[ 2019-03-19T14:18:23+08:00 ] ::1 /2/thinkphp/index.php
INFO: [ app_init ] --START--
INFO: Run Behavior\BuildLiteBehavior [ RunTime:0.000096s ]
INFO: [ app_init ] --END-- [ RunTime:0.001535s ]
INFO: [ app_begin ] --START--
INFO: Run Behavior\ReadHtmlCacheBehavior [ RunTime:0.004030s ]
INFO: [ app_begin ] --END-- [ RunTime:0.004161s ]
INFO: [ view_parse ] --START--
INFO: [ template_filter ] --START--
INFO: Run Behavior\ContentReplaceBehavior [ RunTime:0.000135s ]
INFO: [ template_filter ] --END-- [ RunTime:0.000262s ]
NOTIC: [8] Undefined variable: blog_list C:\fuwuqi\studytoll\myphp_www\PHPTutorial\WWW\2\thinkphp\Application\Runtime\Cache\Home\2a94b8bda04ff446dcedd42276fc99ee.php ç¬¬ 18 è¡Œ.
INFO: Run Behavior\ParseTemplateBehavior [ RunTime:0.059236s ]
INFO: [ view_parse ] --END-- [ RunTime:0.059338s ]
INFO: [ view_filter ] --START--
INFO: Run Behavior\WriteHtmlCacheBehavior [ RunTime:0.002321s ]
INFO: [ view_filter ] --END-- [ RunTime:0.002406s ]
INFO: [ app_end ] --START--
INFO: Run Behavior\ShowPageTraceBehavior [ RunTime:0.004841s ]
INFO: [ app_end ] --END-- [ RunTime:0.005076s ]

[ 2019-03-19T14:18:40+08:00 ] ::1 /2/thinkphp/index.php
INFO: [ app_init ] --START--
INFO: Run Behavior\BuildLiteBehavior [ RunTime:0.000032s ]
INFO: [ app_init ] --END-- [ RunTime:0.001545s ]
INFO: [ app_begin ] --START--
INFO: Run Behavior\ReadHtmlCacheBehavior [ RunTime:0.004094s ]
INFO: [ app_begin ] --END-- [ RunTime:0.004246s ]
INFO: [ view_parse ] --START--
INFO: [ template_filter ] --START--
INFO: Run Behavior\ContentReplaceBehavior [ RunTime:0.000061s ]
INFO: [ template_filter ] --END-- [ RunTime:0.000151s ]
NOTIC: [8] Undefined variable: blog_list C:\fuwuqi\studytoll\myphp_www\PHPTutorial\WWW\2\thinkphp\Application\Runtime\Cache\Home\2a94b8bda04ff446dcedd42276fc99ee.php ç¬¬ 36 è¡Œ.
INFO: Run Behavior\ParseTemplateBehavior [ RunTime:0.267512s ]
INFO: [ view_parse ] --END-- [ RunTime:0.267605s ]
INFO: [ view_filter ] --START--
INFO: Run Behavior\WriteHtmlCacheBehavior [ RunTime:0.002742s ]
INFO: [ view_filter ] --END-- [ RunTime:0.002836s ]
INFO: [ app_end ] --START--
INFO: Run Behavior\ShowPageTraceBehavior [ RunTime:0.004369s ]
INFO: [ app_end ] --END-- [ RunTime:0.004487s ]

[ 2019-03-19T14:18:59+08:00 ] ::1 /2/thinkphp/index.php
INFO: [ app_init ] --START--
INFO: Run Behavior\BuildLiteBehavior [ RunTime:0.000041s ]
INFO: [ app_init ] --END-- [ RunTime:0.001231s ]
INFO: [ app_begin ] --START--
INFO: Run Behavior\ReadHtmlCacheBehavior [ RunTime:0.001666s ]
INFO: [ app_begin ] --END-- [ RunTime:0.001770s ]
INFO: [ view_parse ] --START--
INFO: [ template_filter ] --START--
INFO: Run Behavior\ContentReplaceBehavior [ RunTime:0.000058s ]
INFO: [ template_filter ] --END-- [ RunTime:0.000147s ]
NOTIC: [8] Undefined variable: blog_list C:\fuwuqi\studytoll\myphp_www\PHPTutorial\WWW\2\thinkphp\Application\Runtime\Cache\Home\2a94b8bda04ff446dcedd42276fc99ee.php ç¬¬ 36 è¡Œ.
INFO: Run Behavior\ParseTemplateBehavior [ RunTime:0.032339s ]
INFO: [ view_parse ] --END-- [ RunTime:0.032446s ]
INFO: [ view_filter ] --START--
INFO: Run Behavior\WriteHtmlCacheBehavior [ RunTime:0.015161s ]
INFO: [ view_filter ] --END-- [ RunTime:0.015238s ]
INFO: [ app_end ] --START--
INFO: Run Behavior\ShowPageTraceBehavior [ RunTime:0.002821s ]
INFO: [ app_end ] --END-- [ RunTime:0.002901s ]

[ 2019-03-19T14:19:17+08:00 ] ::1 /2/thinkphp/index.php
INFO: [ app_init ] --START--
INFO: Run Behavior\BuildLiteBehavior [ RunTime:0.000080s ]
INFO: [ app_init ] --END-- [ RunTime:0.003003s ]
INFO: [ app_begin ] --START--
INFO: Run Behavior\ReadHtmlCacheBehavior [ RunTime:0.009697s ]
INFO: [ app_begin ] --END-- [ RunTime:0.009937s ]
INFO: [ view_parse ] --START--
INFO: [ template_filter ] --START--
INFO: Run Behavior\ContentReplaceBehavior [ RunTime:0.000035s ]
INFO: [ template_filter ] --END-- [ RunTime:0.000082s ]
NOTIC: [8] Undefined variable: blog_list C:\fuwuqi\studytoll\myphp_www\PHPTutorial\WWW\2\thinkphp\Application\Runtime\Cache\Home\2a94b8bda04ff446dcedd42276fc99ee.php ç¬¬ 36 è¡Œ.
INFO: Run Behavior\ParseTemplateBehavior [ RunTime:0.019572s ]
INFO: [ view_parse ] --END-- [ RunTime:0.019696s ]
INFO: [ view_filter ] --START--
INFO: Run Behavior\WriteHtmlCacheBehavior [ RunTime:0.001744s ]
INFO: [ view_filter ] --END-- [ RunTime:0.001830s ]
INFO: [ app_end ] --START--
INFO: Run Behavior\ShowPageTraceBehavior [ RunTime:0.005439s ]
INFO: [ app_end ] --END-- [ RunTime:0.005508s ]

[ 2019-03-19T14:48:42+08:00 ] ::1 /2/thinkphp/index.php
INFO: [ app_init ] --START--
INFO: Run Behavior\BuildLiteBehavior [ RunTime:0.000018s ]
INFO: [ app_init ] --END-- [ RunTime:0.001030s ]
INFO: [ app_begin ] --START--
INFO: Run Behavior\ReadHtmlCacheBehavior [ RunTime:0.002109s ]
INFO: [ app_begin ] --END-- [ RunTime:0.002246s ]
SQL: SHOW COLUMNS FROM `blog` [ RunTime:0.022184s ]
ERR: 1146:Table 'kkkkk.blog' doesn't exist
 [ SQLè¯­å¥ ] : SHOW COLUMNS FROM `blog`

[ 2019-03-19T14:53:05+08:00 ] ::1 /2/thinkphp/index.php
INFO: [ app_init ] --START--
INFO: Run Behavior\BuildLiteBehavior [ RunTime:0.000032s ]
INFO: [ app_init ] --END-- [ RunTime:0.001551s ]
INFO: [ app_begin ] --START--
INFO: Run Behavior\ReadHtmlCacheBehavior [ RunTime:0.004548s ]
INFO: [ app_begin ] --END-- [ RunTime:0.004660s ]
SQL: SHOW COLUMNS FROM `blog` [ RunTime:0.020551s ]
ERR: 1146:Table 'kkkkk.blog' doesn't exist
 [ SQLè¯­å¥ ] : SHOW COLUMNS FROM `blog`

[ 2019-03-19T14:53:26+08:00 ] ::1 /2/thinkphp/index.php
INFO: [ app_init ] --START--
INFO: Run Behavior\BuildLiteBehavior [ RunTime:0.000035s ]
INFO: [ app_init ] --END-- [ RunTime:0.002853s ]
INFO: [ app_begin ] --START--
INFO: Run Behavior\ReadHtmlCacheBehavior [ RunTime:0.008075s ]
INFO: [ app_begin ] --END-- [ RunTime:0.008208s ]
SQL: SHOW COLUMNS FROM `blog` [ RunTime:0.030896s ]
ERR: 1146:Table 'kkkkk.blog' doesn't exist
 [ SQLè¯­å¥ ] : SHOW COLUMNS FROM `blog`

[ 2019-03-19T14:54:11+08:00 ] ::1 /2/thinkphp/index.php
INFO: [ app_init ] --START--
INFO: Run Behavior\BuildLiteBehavior [ RunTime:0.000031s ]
INFO: [ app_init ] --END-- [ RunTime:0.000947s ]
INFO: [ app_begin ] --START--
INFO: Run Behavior\ReadHtmlCacheBehavior [ RunTime:0.002721s ]
INFO: [ app_begin ] --END-- [ RunTime:0.003087s ]
SQL: SHOW COLUMNS FROM `blog` [ RunTime:0.024512s ]
ERR: 1146:Table 'kkkkk.blog' doesn't exist
 [ SQLè¯­å¥ ] : SHOW COLUMNS FROM `blog`
ERR: Think\Model:get_all_kkkkkæ–¹æ³•ä¸å­˜åœ¨ï¼

[ 2019-03-19T14:54:27+08:00 ] ::1 /2/thinkphp/index.php
INFO: [ app_init ] --START--
INFO: Run Behavior\BuildLiteBehavior [ RunTime:0.000063s ]
INFO: [ app_init ] --END-- [ RunTime:0.001059s ]
INFO: [ app_begin ] --START--
INFO: Run Behavior\ReadHtmlCacheBehavior [ RunTime:0.001601s ]
INFO: [ app_begin ] --END-- [ RunTime:0.001704s ]
SQL: SHOW COLUMNS FROM `blog` [ RunTime:0.059505s ]
ERR: 1146:Table 'kkkkk.blog' doesn't exist
 [ SQLè¯­å¥ ] : SHOW COLUMNS FROM `blog`
ERR: Think\Model:get_all_kkkkkæ–¹æ³•ä¸å­˜åœ¨ï¼

[ 2019-03-19T14:54:31+08:00 ] ::1 /2/thinkphp/index.php
INFO: [ app_init ] --START--
INFO: Run Behavior\BuildLiteBehavior [ RunTime:0.000034s ]
INFO: [ app_init ] --END-- [ RunTime:0.002024s ]
INFO: [ app_begin ] --START--
INFO: Run Behavior\ReadHtmlCacheBehavior [ RunTime:0.001688s ]
INFO: [ app_begin ] --END-- [ RunTime:0.001811s ]
SQL: SHOW COLUMNS FROM `blog` [ RunTime:0.016588s ]
ERR: 1146:Table 'kkkkk.blog' doesn't exist
 [ SQLè¯­å¥ ] : SHOW COLUMNS FROM `blog`
SQL: SELECT `id`,`title`,`content`,`add_time` FROM `blog` WHERE ( id>0 ) ORDER BY  id desc LIMIT 10   [ RunTime:0.001853s ]
ERR: 1146:Table 'kkkkk.blog' doesn't exist
 [ SQLè¯­å¥ ] : SELECT `id`,`title`,`content`,`add_time` FROM `blog` WHERE ( id>0 ) ORDER BY  id desc LIMIT 10  
INFO: [ view_parse ] --START--
INFO: [ template_filter ] --START--
INFO: Run Behavior\ContentReplaceBehavior [ RunTime:0.000035s ]
INFO: [ template_filter ] --END-- [ RunTime:0.000085s ]
INFO: Run Behavior\ParseTemplateBehavior [ RunTime:0.023527s ]
INFO: [ view_parse ] --END-- [ RunTime:0.023634s ]
INFO: [ view_filter ] --START--
INFO: Run Behavior\WriteHtmlCacheBehavior [ RunTime:0.002258s ]
INFO: [ view_filter ] --END-- [ RunTime:0.002339s ]
INFO: [ app_end ] --START--
INFO: Run Behavior\ShowPageTraceBehavior [ RunTime:0.001984s ]
INFO: [ app_end ] --END-- [ RunTime:0.002059s ]

[ 2019-03-19T15:10:28+08:00 ] ::1 /2/thinkphp/index.php
INFO: [ app_init ] --START--
INFO: Run Behavior\BuildLiteBehavior [ RunTime:0.000034s ]
INFO: [ app_init ] --END-- [ RunTime:0.000632s ]
INFO: [ app_begin ] --START--
INFO: Run Behavior\ReadHtmlCacheBehavior [ RunTime:0.001899s ]
INFO: [ app_begin ] --END-- [ RunTime:0.001994s ]
SQL: SHOW COLUMNS FROM `blog` [ RunTime:0.059846s ]
ERR: 1146:Table 'kkkkk.blog' doesn't exist
 [ SQLè¯­å¥ ] : SHOW COLUMNS FROM `blog`
SQL: SELECT `id`,`title`,`content`,`add_time` FROM `blog` WHERE ( id>0 ) ORDER BY  id desc LIMIT 10   [ RunTime:0.003387s ]
ERR: 1146:Table 'kkkkk.blog' doesn't exist
 [ SQLè¯­å¥ ] : SELECT `id`,`title`,`content`,`add_time` FROM `blog` WHERE ( id>0 ) ORDER BY  id desc LIMIT 10  
INFO: [ view_parse ] --START--
INFO: [ template_filter ] --START--
INFO: Run Behavior\ContentReplaceBehavior [ RunTime:0.000324s ]
INFO: [ template_filter ] --END-- [ RunTime:0.000707s ]
INFO: Run Behavior\ParseTemplateBehavior [ RunTime:0.069606s ]
INFO: [ view_parse ] --END-- [ RunTime:0.069850s ]
INFO: [ view_filter ] --START--
INFO: Run Behavior\WriteHtmlCacheBehavior [ RunTime:0.008386s ]
INFO: [ view_filter ] --END-- [ RunTime:0.008547s ]
INFO: [ app_end ] --START--
INFO: Run Behavior\ShowPageTraceBehavior [ RunTime:0.009950s ]
INFO: [ app_end ] --END-- [ RunTime:0.010173s ]

[ 2019-03-19T15:11:23+08:00 ] ::1 /2/thinkphp/index.php
INFO: [ app_init ] --START--
INFO: Run Behavior\BuildLiteBehavior [ RunTime:0.000064s ]
INFO: [ app_init ] --END-- [ RunTime:0.030418s ]
INFO: [ app_begin ] --START--
INFO: Run Behavior\ReadHtmlCacheBehavior [ RunTime:0.006913s ]
INFO: [ app_begin ] --END-- [ RunTime:0.007055s ]
SQL: SHOW COLUMNS FROM `persons` [ RunTime:0.051379s ]
ERR: Think\Model:get_all_blogæ–¹æ³•ä¸å­˜åœ¨ï¼

[ 2019-03-19T15:11:50+08:00 ] ::1 /2/thinkphp/index.php
INFO: [ app_init ] --START--
INFO: Run Behavior\BuildLiteBehavior [ RunTime:0.000028s ]
INFO: [ app_init ] --END-- [ RunTime:0.001141s ]
INFO: [ app_begin ] --START--
INFO: Run Behavior\ReadHtmlCacheBehavior [ RunTime:0.004418s ]
INFO: [ app_begin ] --END-- [ RunTime:0.004551s ]
SQL: SHOW COLUMNS FROM `kkkkk` [ RunTime:0.030006s ]
ERR: 1146:Table 'kkkkk.kkkkk' doesn't exist
 [ SQLè¯­å¥ ] : SHOW COLUMNS FROM `kkkkk`
ERR: Think\Model:get_all_blogæ–¹æ³•ä¸å­˜åœ¨ï¼

[ 2019-03-19T15:14:08+08:00 ] ::1 /2/thinkphp/index.php
INFO: [ app_init ] --START--
INFO: Run Behavior\BuildLiteBehavior [ RunTime:0.000040s ]
INFO: [ app_init ] --END-- [ RunTime:0.001619s ]
INFO: [ app_begin ] --START--
INFO: Run Behavior\ReadHtmlCacheBehavior [ RunTime:0.003288s ]
INFO: [ app_begin ] --END-- [ RunTime:0.003415s ]
SQL: SHOW COLUMNS FROM `kkkkk` [ RunTime:0.029383s ]
ERR: 1146:Table 'kkkkk.kkkkk' doesn't exist
 [ SQLè¯­å¥ ] : SHOW COLUMNS FROM `kkkkk`
ERR: Think\Model:get_all_blogæ–¹æ³•ä¸å­˜åœ¨ï¼

[ 2019-03-19T15:14:39+08:00 ] ::1 /2/thinkphp/index.php
INFO: [ app_init ] --START--
INFO: Run Behavior\BuildLiteBehavior [ RunTime:0.000031s ]
INFO: [ app_init ] --END-- [ RunTime:0.000994s ]
INFO: [ app_begin ] --START--
INFO: Run Behavior\ReadHtmlCacheBehavior [ RunTime:0.007983s ]
INFO: [ app_begin ] --END-- [ RunTime:0.008130s ]
SQL: SHOW COLUMNS FROM `kkkkk` [ RunTime:0.024933s ]
ERR: 1146:Table 'kkkkk.kkkkk' doesn't exist
 [ SQLè¯­å¥ ] : SHOW COLUMNS FROM `kkkkk`
ERR: Think\Model:get_all_kkkkkæ–¹æ³•ä¸å­˜åœ¨ï¼

[ 2019-03-19T15:16:41+08:00 ] ::1 /2/thinkphp/index.php
INFO: [ app_init ] --START--
INFO: Run Behavior\BuildLiteBehavior [ RunTime:0.000053s ]
INFO: [ app_init ] --END-- [ RunTime:0.008476s ]
INFO: [ app_begin ] --START--
INFO: Run Behavior\ReadHtmlCacheBehavior [ RunTime:0.004098s ]
INFO: [ app_begin ] --END-- [ RunTime:0.004311s ]
SQL: SHOW COLUMNS FROM `persons` [ RunTime:0.046399s ]
ERR: Think\Model:get_all_blogæ–¹æ³•ä¸å­˜åœ¨ï¼

[ 2019-03-19T15:18:57+08:00 ] ::1 /2/thinkphp/index.php
INFO: [ app_init ] --START--
INFO: Run Behavior\BuildLiteBehavior [ RunTime:0.000044s ]
INFO: [ app_init ] --END-- [ RunTime:0.014959s ]
INFO: [ app_begin ] --START--
INFO: Run Behavior\ReadHtmlCacheBehavior [ RunTime:0.009309s ]
INFO: [ app_begin ] --END-- [ RunTime:0.009510s ]
SQL: SHOW COLUMNS FROM `persons` [ RunTime:0.071777s ]
ERR: Think\Model:get_all_blogæ–¹æ³•ä¸å­˜åœ¨ï¼

[ 2019-03-19T15:21:26+08:00 ] ::1 /2/thinkphp/index.php
INFO: [ app_init ] --START--
INFO: Run Behavior\BuildLiteBehavior [ RunTime:0.000043s ]
INFO: [ app_init ] --END-- [ RunTime:0.029977s ]
INFO: [ app_begin ] --START--
INFO: Run Behavior\ReadHtmlCacheBehavior [ RunTime:0.003137s ]
INFO: [ app_begin ] --END-- [ RunTime:0.003267s ]
SQL: SHOW COLUMNS FROM `persons` [ RunTime:0.095623s ]
ERR: Think\Model:get_all_kkkkkæ–¹æ³•ä¸å­˜åœ¨ï¼

[ 2019-03-19T15:22:34+08:00 ] ::1 /2/thinkphp/index.php
INFO: [ app_init ] --START--
INFO: Run Behavior\BuildLiteBehavior [ RunTime:0.000015s ]
INFO: [ app_init ] --END-- [ RunTime:0.000597s ]
INFO: [ app_begin ] --START--
INFO: Run Behavior\ReadHtmlCacheBehavior [ RunTime:0.003278s ]
INFO: [ app_begin ] --END-- [ RunTime:0.003357s ]
SQL: SHOW COLUMNS FROM `persons` [ RunTime:0.018509s ]
ERR: Think\Model:get_all_kkkkkæ–¹æ³•ä¸å­˜åœ¨ï¼

[ 2019-03-19T15:24:10+08:00 ] ::1 /2/thinkphp/index.php
INFO: [ app_init ] --START--
INFO: Run Behavior\BuildLiteBehavior [ RunTime:0.000047s ]
INFO: [ app_init ] --END-- [ RunTime:0.001516s ]
INFO: [ app_begin ] --START--
INFO: Run Behavior\ReadHtmlCacheBehavior [ RunTime:0.006619s ]
INFO: [ app_begin ] --END-- [ RunTime:0.006766s ]
SQL: SHOW COLUMNS FROM `persons` [ RunTime:0.041155s ]
ERR: Think\Model:get_all_personsæ–¹æ³•ä¸å­˜åœ¨ï¼

[ 2019-03-19T15:24:35+08:00 ] ::1 /2/thinkphp/index.php
INFO: [ app_init ] --START--
INFO: Run Behavior\BuildLiteBehavior [ RunTime:0.000023s ]
INFO: [ app_init ] --END-- [ RunTime:0.001076s ]
INFO: [ app_begin ] --START--
INFO: Run Behavior\ReadHtmlCacheBehavior [ RunTime:0.001657s ]
INFO: [ app_begin ] --END-- [ RunTime:0.001772s ]
SQL: SHOW COLUMNS FROM `persons` [ RunTime:0.052067s ]
ERR: Think\Model:get_all_personsæ–¹æ³•ä¸å­˜åœ¨ï¼

[ 2019-03-19T15:24:38+08:00 ] ::1 /2/thinkphp/index.php
INFO: [ app_init ] --START--
INFO: Run Behavior\BuildLiteBehavior [ RunTime:0.000027s ]
INFO: [ app_init ] --END-- [ RunTime:0.001238s ]
INFO: [ app_begin ] --START--
INFO: Run Behavior\ReadHtmlCacheBehavior [ RunTime:0.003917s ]
INFO: [ app_begin ] --END-- [ RunTime:0.004011s ]
SQL: SHOW COLUMNS FROM `persons` [ RunTime:0.045356s ]
ERR: Think\Model:get_all_personsæ–¹æ³•ä¸å­˜åœ¨ï¼

[ 2019-03-19T15:27:03+08:00 ] ::1 /2/thinkphp/index.php
INFO: [ app_init ] --START--
INFO: Run Behavior\BuildLiteBehavior [ RunTime:0.000035s ]
INFO: [ app_init ] --END-- [ RunTime:0.003575s ]
INFO: [ app_begin ] --START--
INFO: Run Behavior\ReadHtmlCacheBehavior [ RunTime:0.003131s ]
INFO: [ app_begin ] --END-- [ RunTime:0.003595s ]
SQL: SHOW COLUMNS FROM `persons` [ RunTime:0.014198s ]
ERR: 1146:Table 'kkkkk.persons' doesn't exist
 [ SQLè¯­å¥ ] : SHOW COLUMNS FROM `persons`
ERR: Think\Model:get_all_personsæ–¹æ³•ä¸å­˜åœ¨ï¼

[ 2019-03-19T15:31:25+08:00 ] ::1 /2/thinkphp/index.php
INFO: [ app_init ] --START--
INFO: Run Behavior\BuildLiteBehavior [ RunTime:0.000031s ]
INFO: [ app_init ] --END-- [ RunTime:0.001564s ]
INFO: [ app_begin ] --START--
INFO: Run Behavior\ReadHtmlCacheBehavior [ RunTime:0.012618s ]
INFO: [ app_begin ] --END-- [ RunTime:0.012746s ]
SQL: SHOW COLUMNS FROM `blog` [ RunTime:0.031167s ]
SQL: SELECT `id`,`title`,`content`,`add_time` FROM `blog` WHERE ( id>0 ) ORDER BY  id desc LIMIT 10   [ RunTime:0.000498s ]
INFO: [ view_parse ] --START--
INFO: [ template_filter ] --START--
INFO: Run Behavior\ContentReplaceBehavior [ RunTime:0.000033s ]
INFO: [ template_filter ] --END-- [ RunTime:0.000082s ]
INFO: Run Behavior\ParseTemplateBehavior [ RunTime:0.020077s ]
INFO: [ view_parse ] --END-- [ RunTime:0.020166s ]
INFO: [ view_filter ] --START--
INFO: Run Behavior\WriteHtmlCacheBehavior [ RunTime:0.002017s ]
INFO: [ view_filter ] --END-- [ RunTime:0.002067s ]
INFO: [ app_end ] --START--
INFO: Run Behavior\ShowPageTraceBehavior [ RunTime:0.002864s ]
INFO: [ app_end ] --END-- [ RunTime:0.002932s ]

[ 2019-03-19T15:32:02+08:00 ] ::1 /2/thinkphp/index.php
INFO: [ app_init ] --START--
INFO: Run Behavior\BuildLiteBehavior [ RunTime:0.000015s ]
INFO: [ app_init ] --END-- [ RunTime:0.000792s ]
INFO: [ app_begin ] --START--
INFO: Run Behavior\ReadHtmlCacheBehavior [ RunTime:0.001322s ]
INFO: [ app_begin ] --END-- [ RunTime:0.001391s ]
SQL: SHOW COLUMNS FROM `blog` [ RunTime:0.032193s ]
SQL: SELECT `id`,`title`,`content`,`add_time` FROM `blog` WHERE ( id>0 ) ORDER BY  id desc LIMIT 10   [ RunTime:0.000360s ]
INFO: [ view_parse ] --START--
INFO: [ template_filter ] --START--
INFO: Run Behavior\ContentReplaceBehavior [ RunTime:0.000043s ]
INFO: [ template_filter ] --END-- [ RunTime:0.000107s ]
INFO: Run Behavior\ParseTemplateBehavior [ RunTime:0.017241s ]
INFO: [ view_parse ] --END-- [ RunTime:0.017317s ]
INFO: [ view_filter ] --START--
INFO: Run Behavior\WriteHtmlCacheBehavior [ RunTime:0.001149s ]
INFO: [ view_filter ] --END-- [ RunTime:0.001189s ]
INFO: [ app_end ] --START--
INFO: Run Behavior\ShowPageTraceBehavior [ RunTime:0.002534s ]
INFO: [ app_end ] --END-- [ RunTime:0.002579s ]

[ 2019-03-19T15:33:01+08:00 ] ::1 /2/thinkphp/index.php
INFO: [ app_init ] --START--
INFO: Run Behavior\BuildLiteBehavior [ RunTime:0.000042s ]
INFO: [ app_init ] --END-- [ RunTime:0.001401s ]
INFO: [ app_begin ] --START--
INFO: Run Behavior\ReadHtmlCacheBehavior [ RunTime:0.002895s ]
INFO: [ app_begin ] --END-- [ RunTime:0.002990s ]
NOTIC: [2] mysql_connect():  C:\fuwuqi\studytoll\myphp_www\PHPTutorial\WWW\2\thinkphp\ThinkPHP\Library\Think\Db\Driver\Mysql.class.php ç¬¬ 52 è¡Œ.
NOTIC: [2] mysql_connect():  C:\fuwuqi\studytoll\myphp_www\PHPTutorial\WWW\2\thinkphp\ThinkPHP\Library\Think\Db\Driver\Mysql.class.php ç¬¬ 52 è¡Œ.
ERR: php_network_getaddresses: getaddrinfo failed: ²»ÖªµÀÕâÑùµÄÖ÷»ú¡£ 

[ 2019-03-19T15:33:35+08:00 ] ::1 /2/thinkphp/index.php
INFO: [ app_init ] --START--
INFO: Run Behavior\BuildLiteBehavior [ RunTime:0.000031s ]
INFO: [ app_init ] --END-- [ RunTime:0.002735s ]
INFO: [ app_begin ] --START--
INFO: Run Behavior\ReadHtmlCacheBehavior [ RunTime:0.004181s ]
INFO: [ app_begin ] --END-- [ RunTime:0.004349s ]
NOTIC: [2] mysql_connect():  C:\fuwuqi\studytoll\myphp_www\PHPTutorial\WWW\2\thinkphp\ThinkPHP\Library\Think\Db\Driver\Mysql.class.php ç¬¬ 52 è¡Œ.
NOTIC: [2] mysql_connect():  C:\fuwuqi\studytoll\myphp_www\PHPTutorial\WWW\2\thinkphp\ThinkPHP\Library\Think\Db\Driver\Mysql.class.php ç¬¬ 52 è¡Œ.
ERR: php_network_getaddresses: getaddrinfo failed: ²»ÖªµÀÕâÑùµÄÖ÷»ú¡£ 

[ 2019-03-19T15:34:01+08:00 ] ::1 /2/thinkphp/index.php
INFO: [ app_init ] --START--
INFO: Run Behavior\BuildLiteBehavior [ RunTime:0.000041s ]
INFO: [ app_init ] --END-- [ RunTime:0.001536s ]
INFO: [ app_begin ] --START--
INFO: Run Behavior\ReadHtmlCacheBehavior [ RunTime:0.022862s ]
INFO: [ app_begin ] --END-- [ RunTime:0.022983s ]
NOTIC: [2] mysql_connect():  C:\fuwuqi\studytoll\myphp_www\PHPTutorial\WWW\2\thinkphp\ThinkPHP\Library\Think\Db\Driver\Mysql.class.php ç¬¬ 52 è¡Œ.
NOTIC: [2] mysql_connect():  C:\fuwuqi\studytoll\myphp_www\PHPTutorial\WWW\2\thinkphp\ThinkPHP\Library\Think\Db\Driver\Mysql.class.php ç¬¬ 52 è¡Œ.
ERR: php_network_getaddresses: getaddrinfo failed: ²»ÖªµÀÕâÑùµÄÖ÷»ú¡£ 

[ 2019-03-19T15:34:36+08:00 ] ::1 /2/thinkphp/index.php
INFO: [ app_init ] --START--
INFO: Run Behavior\BuildLiteBehavior [ RunTime:0.000043s ]
INFO: [ app_init ] --END-- [ RunTime:0.001520s ]
INFO: [ app_begin ] --START--
INFO: Run Behavior\ReadHtmlCacheBehavior [ RunTime:0.004637s ]
INFO: [ app_begin ] --END-- [ RunTime:0.004812s ]
NOTIC: [2] mysql_connect():  C:\fuwuqi\studytoll\myphp_www\PHPTutorial\WWW\2\thinkphp\ThinkPHP\Library\Think\Db\Driver\Mysql.class.php ç¬¬ 52 è¡Œ.
NOTIC: [2] mysql_connect():  C:\fuwuqi\studytoll\myphp_www\PHPTutorial\WWW\2\thinkphp\ThinkPHP\Library\Think\Db\Driver\Mysql.class.php ç¬¬ 52 è¡Œ.
ERR: php_network_getaddresses: getaddrinfo failed: ²»ÖªµÀÕâÑùµÄÖ÷»ú¡£ 

[ 2019-03-19T15:35:34+08:00 ] ::1 /2/thinkphp/index.php
INFO: [ app_init ] --START--
INFO: Run Behavior\BuildLiteBehavior [ RunTime:0.000032s ]
INFO: [ app_init ] --END-- [ RunTime:0.001295s ]
INFO: [ app_begin ] --START--
INFO: Run Behavior\ReadHtmlCacheBehavior [ RunTime:0.003729s ]
INFO: [ app_begin ] --END-- [ RunTime:0.003839s ]
NOTIC: [2] mysql_connect():  C:\fuwuqi\studytoll\myphp_www\PHPTutorial\WWW\2\thinkphp\ThinkPHP\Library\Think\Db\Driver\Mysql.class.php ç¬¬ 52 è¡Œ.
NOTIC: [2] mysql_connect():  C:\fuwuqi\studytoll\myphp_www\PHPTutorial\WWW\2\thinkphp\ThinkPHP\Library\Think\Db\Driver\Mysql.class.php ç¬¬ 52 è¡Œ.
ERR: php_network_getaddresses: getaddrinfo failed: ²»ÖªµÀÕâÑùµÄÖ÷»ú¡£ 

[ 2019-03-19T15:37:07+08:00 ] ::1 /2/thinkphp/index.php
INFO: [ app_init ] --START--
INFO: Run Behavior\BuildLiteBehavior [ RunTime:0.000036s ]
INFO: [ app_init ] --END-- [ RunTime:0.001077s ]
INFO: [ app_begin ] --START--
INFO: Run Behavior\ReadHtmlCacheBehavior [ RunTime:0.001740s ]
INFO: [ app_begin ] --END-- [ RunTime:0.001825s ]
SQL: SHOW COLUMNS FROM `blog` [ RunTime:0.071904s ]
SQL: SELECT `id`,`title`,`content`,`add_time` FROM `blog` WHERE ( id>0 ) ORDER BY  id desc LIMIT 10   [ RunTime:0.000294s ]
ERR: 1054:Unknown column 'add_time' in 'field list'
 [ SQLè¯­å¥ ] : SELECT `id`,`title`,`content`,`add_time` FROM `blog` WHERE ( id>0 ) ORDER BY  id desc LIMIT 10  
INFO: [ view_parse ] --START--
INFO: [ template_filter ] --START--
INFO: Run Behavior\ContentReplaceBehavior [ RunTime:0.000107s ]
INFO: [ template_filter ] --END-- [ RunTime:0.000255s ]
NOTIC: [8] Undefined variable: blog_list C:\fuwuqi\studytoll\myphp_www\PHPTutorial\WWW\2\thinkphp\Application\Runtime\Cache\Home\2a94b8bda04ff446dcedd42276fc99ee.php ç¬¬ 36 è¡Œ.
INFO: Run Behavior\ParseTemplateBehavior [ RunTime:0.028694s ]
INFO: [ view_parse ] --END-- [ RunTime:0.028913s ]
INFO: [ view_filter ] --START--
INFO: Run Behavior\WriteHtmlCacheBehavior [ RunTime:0.002847s ]
INFO: [ view_filter ] --END-- [ RunTime:0.002975s ]
INFO: [ app_end ] --START--
INFO: Run Behavior\ShowPageTraceBehavior [ RunTime:0.003847s ]
INFO: [ app_end ] --END-- [ RunTime:0.003968s ]

[ 2019-03-19T15:38:01+08:00 ] ::1 /2/thinkphp/index.php
INFO: [ app_init ] --START--
INFO: Run Behavior\BuildLiteBehavior [ RunTime:0.000024s ]
INFO: [ app_init ] --END-- [ RunTime:0.000773s ]
INFO: [ app_begin ] --START--
INFO: Run Behavior\ReadHtmlCacheBehavior [ RunTime:0.002447s ]
INFO: [ app_begin ] --END-- [ RunTime:0.002649s ]
SQL: SHOW COLUMNS FROM `blog` [ RunTime:0.062358s ]
SQL: SELECT `id`,`title`,`content`,`add_time` FROM `blog` WHERE ( id>0 ) ORDER BY  id desc LIMIT 10   [ RunTime:0.001276s ]
ERR: 1054:Unknown column 'add_time' in 'field list'
 [ SQLè¯­å¥ ] : SELECT `id`,`title`,`content`,`add_time` FROM `blog` WHERE ( id>0 ) ORDER BY  id desc LIMIT 10  
INFO: [ view_parse ] --START--
INFO: [ template_filter ] --START--
INFO: Run Behavior\ContentReplaceBehavior [ RunTime:0.000058s ]
INFO: [ template_filter ] --END-- [ RunTime:0.000162s ]
INFO: Run Behavior\ParseTemplateBehavior [ RunTime:0.026664s ]
INFO: [ view_parse ] --END-- [ RunTime:0.026797s ]
INFO: [ view_filter ] --START--
INFO: Run Behavior\WriteHtmlCacheBehavior [ RunTime:0.002797s ]
INFO: [ view_filter ] --END-- [ RunTime:0.002920s ]
INFO: [ app_end ] --START--
INFO: Run Behavior\ShowPageTraceBehavior [ RunTime:0.003706s ]
INFO: [ app_end ] --END-- [ RunTime:0.003795s ]

[ 2019-03-19T15:38:25+08:00 ] ::1 /2/thinkphp/index.php
INFO: [ app_init ] --START--
INFO: Run Behavior\BuildLiteBehavior [ RunTime:0.000031s ]
INFO: [ app_init ] --END-- [ RunTime:0.001376s ]
INFO: [ app_begin ] --START--
INFO: Run Behavior\ReadHtmlCacheBehavior [ RunTime:0.014218s ]
INFO: [ app_begin ] --END-- [ RunTime:0.014391s ]
SQL: SHOW COLUMNS FROM `kkkkk` [ RunTime:0.023082s ]
ERR: 1146:Table 'kkkkk.kkkkk' doesn't exist
 [ SQLè¯­å¥ ] : SHOW COLUMNS FROM `kkkkk`
ERR: Think\Model:get_all_blogæ–¹æ³•ä¸å­˜åœ¨ï¼

[ 2019-03-19T15:38:47+08:00 ] ::1 /2/thinkphp/index.php
INFO: [ app_init ] --START--
INFO: Run Behavior\BuildLiteBehavior [ RunTime:0.000025s ]
INFO: [ app_init ] --END-- [ RunTime:0.000888s ]
INFO: [ app_begin ] --START--
INFO: Run Behavior\ReadHtmlCacheBehavior [ RunTime:0.002967s ]
INFO: [ app_begin ] --END-- [ RunTime:0.003125s ]
SQL: SHOW COLUMNS FROM `kkkkk` [ RunTime:0.023632s ]
ERR: 1146:Table 'kkkkk.kkkkk' doesn't exist
 [ SQLè¯­å¥ ] : SHOW COLUMNS FROM `kkkkk`
ERR: Think\Model:get_all_kkkkkæ–¹æ³•ä¸å­˜åœ¨ï¼

[ 2019-03-19T15:38:59+08:00 ] ::1 /2/thinkphp/index.php
INFO: [ app_init ] --START--
INFO: Run Behavior\BuildLiteBehavior [ RunTime:0.000016s ]
INFO: [ app_init ] --END-- [ RunTime:0.000650s ]
INFO: [ app_begin ] --START--
INFO: Run Behavior\ReadHtmlCacheBehavior [ RunTime:0.004695s ]
INFO: [ app_begin ] --END-- [ RunTime:0.004826s ]
SQL: SHOW COLUMNS FROM `kkkkk` [ RunTime:0.043655s ]
ERR: 1146:Table 'kkkkk.kkkkk' doesn't exist
 [ SQLè¯­å¥ ] : SHOW COLUMNS FROM `kkkkk`
ERR: Think\Model:get_all_kkkkkæ–¹æ³•ä¸å­˜åœ¨ï¼

[ 2019-03-19T15:39:44+08:00 ] ::1 /2/thinkphp/index.php
INFO: [ app_init ] --START--
INFO: Run Behavior\BuildLiteBehavior [ RunTime:0.000036s ]
INFO: [ app_init ] --END-- [ RunTime:0.001269s ]
INFO: [ app_begin ] --START--
INFO: Run Behavior\ReadHtmlCacheBehavior [ RunTime:0.002849s ]
INFO: [ app_begin ] --END-- [ RunTime:0.002986s ]
SQL: SHOW COLUMNS FROM `blog` [ RunTime:0.089243s ]
SQL: SELECT `id`,`title`,`content`,`add_time` FROM `blog` WHERE ( id>0 ) ORDER BY  id desc LIMIT 10   [ RunTime:0.000310s ]
ERR: 1054:Unknown column 'add_time' in 'field list'
 [ SQLè¯­å¥ ] : SELECT `id`,`title`,`content`,`add_time` FROM `blog` WHERE ( id>0 ) ORDER BY  id desc LIMIT 10  
INFO: [ view_parse ] --START--
INFO: [ template_filter ] --START--
INFO: Run Behavior\ContentReplaceBehavior [ RunTime:0.000057s ]
INFO: [ template_filter ] --END-- [ RunTime:0.000139s ]
NOTIC: [8] Undefined variable: blog_list C:\fuwuqi\studytoll\myphp_www\PHPTutorial\WWW\2\thinkphp\Application\Runtime\Cache\Home\2a94b8bda04ff446dcedd42276fc99ee.php ç¬¬ 36 è¡Œ.
INFO: Run Behavior\ParseTemplateBehavior [ RunTime:0.026929s ]
INFO: [ view_parse ] --END-- [ RunTime:0.027055s ]
INFO: [ view_filter ] --START--
INFO: Run Behavior\WriteHtmlCacheBehavior [ RunTime:0.002445s ]
INFO: [ view_filter ] --END-- [ RunTime:0.002564s ]
INFO: [ app_end ] --START--
INFO: Run Behavior\ShowPageTraceBehavior [ RunTime:0.003746s ]
INFO: [ app_end ] --END-- [ RunTime:0.003841s ]

[ 2019-03-19T15:43:36+08:00 ] ::1 /2/thinkphp/index.php
INFO: [ app_init ] --START--
INFO: Run Behavior\BuildLiteBehavior [ RunTime:0.000017s ]
INFO: [ app_init ] --END-- [ RunTime:0.000658s ]
INFO: [ app_begin ] --START--
INFO: Run Behavior\ReadHtmlCacheBehavior [ RunTime:0.002144s ]
INFO: [ app_begin ] --END-- [ RunTime:0.002244s ]
SQL: SHOW COLUMNS FROM `blog` [ RunTime:0.024544s ]
SQL: SELECT `id`,`title`,`content`,`add_time` FROM `blog` WHERE ( id>0 ) ORDER BY  id desc LIMIT 10   [ RunTime:0.000514s ]
INFO: [ view_parse ] --START--
INFO: [ template_filter ] --START--
INFO: Run Behavior\ContentReplaceBehavior [ RunTime:0.000033s ]
INFO: [ template_filter ] --END-- [ RunTime:0.000079s ]
INFO: Run Behavior\ParseTemplateBehavior [ RunTime:0.016662s ]
INFO: [ view_parse ] --END-- [ RunTime:0.016748s ]
INFO: [ view_filter ] --START--
INFO: Run Behavior\WriteHtmlCacheBehavior [ RunTime:0.001516s ]
INFO: [ view_filter ] --END-- [ RunTime:0.001637s ]
INFO: [ app_end ] --START--
INFO: Run Behavior\ShowPageTraceBehavior [ RunTime:0.002868s ]
INFO: [ app_end ] --END-- [ RunTime:0.002948s ]

[ 2019-03-19T16:04:23+08:00 ] ::1 /2/thinkphp/index.php
INFO: [ app_init ] --START--
INFO: Run Behavior\BuildLiteBehavior [ RunTime:0.000015s ]
INFO: [ app_init ] --END-- [ RunTime:0.000730s ]
INFO: [ app_begin ] --START--
INFO: Run Behavior\ReadHtmlCacheBehavior [ RunTime:0.002887s ]
INFO: [ app_begin ] --END-- [ RunTime:0.002987s ]
SQL: SHOW COLUMNS FROM `blog` [ RunTime:0.030364s ]
SQL: SELECT `id`,`title`,`content`,`add_time` FROM `blog` WHERE ( id>0 ) ORDER BY  id desc LIMIT 10   [ RunTime:0.000393s ]
INFO: [ view_parse ] --START--
INFO: [ template_filter ] --START--
INFO: Run Behavior\ContentReplaceBehavior [ RunTime:0.000058s ]
INFO: [ template_filter ] --END-- [ RunTime:0.000137s ]
INFO: Run Behavior\ParseTemplateBehavior [ RunTime:0.022163s ]
INFO: [ view_parse ] --END-- [ RunTime:0.022256s ]
INFO: [ view_filter ] --START--
INFO: Run Behavior\WriteHtmlCacheBehavior [ RunTime:0.003111s ]
INFO: [ view_filter ] --END-- [ RunTime:0.003197s ]
INFO: [ app_end ] --START--
INFO: Run Behavior\ShowPageTraceBehavior [ RunTime:0.002971s ]
INFO: [ app_end ] --END-- [ RunTime:0.003060s ]

